Determining if the pthread_create exist failed with the following output:
Change Dir: /home/mces/Project/mtcnn_facenet_cpp_tensorRT-master/build/CMakeFiles/CMakeTmp

Run Build Command:"/usr/bin/make" "cmTC_99969/fast"
/usr/bin/make -f CMakeFiles/cmTC_99969.dir/build.make CMakeFiles/cmTC_99969.dir/build
make[1]: Entering directory '/home/mces/Project/mtcnn_facenet_cpp_tensorRT-master/build/CMakeFiles/CMakeTmp'
Building C object CMakeFiles/cmTC_99969.dir/CheckSymbolExists.c.o
/usr/bin/cc   -fPIC    -o CMakeFiles/cmTC_99969.dir/CheckSymbolExists.c.o   -c /home/mces/Project/mtcnn_facenet_cpp_tensorRT-master/build/CMakeFiles/CMakeTmp/CheckSymbolExists.c
Linking C executable cmTC_99969
/usr/bin/cmake -E cmake_link_script CMakeFiles/cmTC_99969.dir/link.txt --verbose=1
/usr/bin/cc -fPIC     CMakeFiles/cmTC_99969.dir/CheckSymbolExists.c.o  -o cmTC_99969 
CMakeFiles/cmTC_99969.dir/CheckSymbolExists.c.o: In function `main':
CheckSymbolExists.c:(.text+0x14): undefined reference to `pthread_create'
CheckSymbolExists.c:(.text+0x18): undefined reference to `pthread_create'
collect2: error: ld returned 1 exit status
CMakeFiles/cmTC_99969.dir/build.make:97: recipe for target 'cmTC_99969' failed
make[1]: *** [cmTC_99969] Error 1
make[1]: Leaving directory '/home/mces/Project/mtcnn_facenet_cpp_tensorRT-master/build/CMakeFiles/CMakeTmp'
Makefile:126: recipe for target 'cmTC_99969/fast' failed
make: *** [cmTC_99969/fast] Error 2

File /home/mces/Project/mtcnn_facenet_cpp_tensorRT-master/build/CMakeFiles/CMakeTmp/CheckSymbolExists.c:
/* */
#include <pthread.h>

int main(int argc, char** argv)
{
  (void)argv;
#ifndef pthread_create
  return ((int*)(&pthread_create))[argc];
#else
  (void)argc;
  return 0;
#endif
}

Determining if the function pthread_create exists in the pthreads failed with the following output:
Change Dir: /home/mces/Project/mtcnn_facenet_cpp_tensorRT-master/build/CMakeFiles/CMakeTmp

Run Build Command:"/usr/bin/make" "cmTC_5559d/fast"
/usr/bin/make -f CMakeFiles/cmTC_5559d.dir/build.make CMakeFiles/cmTC_5559d.dir/build
make[1]: Entering directory '/home/mces/Project/mtcnn_facenet_cpp_tensorRT-master/build/CMakeFiles/CMakeTmp'
Building C object CMakeFiles/cmTC_5559d.dir/CheckFunctionExists.c.o
/usr/bin/cc   -fPIC -DCHECK_FUNCTION_EXISTS=pthread_create   -o CMakeFiles/cmTC_5559d.dir/CheckFunctionExists.c.o   -c /usr/share/cmake-3.10/Modules/CheckFunctionExists.c
Linking C executable cmTC_5559d
/usr/bin/cmake -E cmake_link_script CMakeFiles/cmTC_5559d.dir/link.txt --verbose=1
/usr/bin/cc -fPIC -DCHECK_FUNCTION_EXISTS=pthread_create    CMakeFiles/cmTC_5559d.dir/CheckFunctionExists.c.o  -o cmTC_5559d -lpthreads 
/usr/bin/ld: cannot find -lpthreads
collect2: error: ld returned 1 exit status
CMakeFiles/cmTC_5559d.dir/build.make:97: recipe for target 'cmTC_5559d' failed
make[1]: *** [cmTC_5559d] Error 1
make[1]: Leaving directory '/home/mces/Project/mtcnn_facenet_cpp_tensorRT-master/build/CMakeFiles/CMakeTmp'
Makefile:126: recipe for target 'cmTC_5559d/fast' failed
make: *** [cmTC_5559d/fast] Error 2


